Aug 03 23:04 : errno: Failed to open /home/cai/.config/mpd/mpd.state: No such file or directory
Aug 03 23:04 : update: added The Beatles/Abbey Road/17. Her Majesty - The Beatles.flac
Aug 03 23:04 : update: added The Beatles/Abbey Road/13. She Came In Through The Bathroom Window - The Beatles.flac
Aug 03 23:04 : update: added The Beatles/Abbey Road/14. Golden Slumbers - The Beatles.flac
Aug 03 23:04 : update: added The Beatles/Abbey Road/05. Octopus's Garden - The Beatles.flac
Aug 03 23:04 : update: added The Beatles/Abbey Road/08. Because - The Beatles.flac
Aug 03 23:04 : update: added The Beatles/Abbey Road/15. Carry That Weight - The Beatles.flac
Aug 03 23:04 : update: added The Beatles/Abbey Road/04. Oh! Darling - The Beatles.flac
Aug 03 23:04 : update: added The Beatles/Abbey Road/03. Maxwell's Silver Hammer - The Beatles.flac
Aug 03 23:04 : update: added The Beatles/Abbey Road/01. Come Together - The Beatles.flac
Aug 03 23:04 : update: added The Beatles/Abbey Road/09. You Never Give Me Your Money - The Beatles.flac
Aug 03 23:04 : update: added The Beatles/Abbey Road/12. Polythene Pam - The Beatles.flac
Aug 03 23:04 : update: added The Beatles/Abbey Road/02. Something - The Beatles.flac
Aug 03 23:04 : update: added The Beatles/Abbey Road/10. Sun King - The Beatles.flac
Aug 03 23:04 : update: added The Beatles/Abbey Road/11. Mean Mr. Mustard - The Beatles.flac
Aug 03 23:04 : update: added The Beatles/Abbey Road/07. Here Comes The Sun - The Beatles.flac
Aug 03 23:04 : update: added The Beatles/Abbey Road/06. I Want You (She's So Heavy) - The Beatles.flac
Aug 03 23:04 : update: added The Beatles/Abbey Road/16. The End - The Beatles.flac
Aug 03 23:04 : avahi: Service 'Music Player' successfully established.
Aug 03 23:11 : client: [0] opened from 127.0.0.1:37808
Aug 03 23:11 : alsa_mixer: Failed to read mixer for 'My ALSA Device': no such mixer control: PCM
Aug 03 23:11 : client: [0] closed
Aug 03 23:39 : client: [1] opened from 127.0.0.1:40334
Aug 03 23:39 : output: Failed to open mixer for 'My ALSA Device'
Aug 03 23:44 : player: played "The Beatles/Abbey Road/01. Come Together - The Beatles.flac"
Aug 03 23:44 : output: Failed to open mixer for 'My ALSA Device'
Aug 03 23:46 : client: [1] closed
Aug 03 23:46 : client: [2] opened from 127.0.0.1:40902
Aug 03 23:46 : client: [2] closed
Aug 03 23:46 : client: [3] opened from 127.0.0.1:40936
Aug 03 23:50 : output: Failed to open mixer for 'My ALSA Device'
Aug 03 23:51 : output: Failed to open mixer for 'My ALSA Device'
Aug 03 23:52 : player: played "The Beatles/Abbey Road/06. I Want You (She's So Heavy) - The Beatles.flac"
Aug 03 23:52 : output: Failed to open mixer for 'My ALSA Device'
Aug 03 23:53 : output: Failed to open mixer for 'My ALSA Device'
Aug 03 23:56 : output: Failed to open mixer for 'My ALSA Device'
Aug 03 23:57 : update: added deadmau5/Random Album Title/09 Faxing Berlin.flac
Aug 03 23:57 : update: added deadmau5/Random Album Title/06 Alone With You.flac
Aug 03 23:57 : update: added deadmau5/Random Album Title/11 Arguru.flac
Aug 03 23:57 : update: added deadmau5/Random Album Title/12 So There I Was.flac
Aug 03 23:57 : update: added deadmau5/Random Album Title/05 Brazil [2nd Edit].flac
Aug 03 23:57 : update: added deadmau5/Random Album Title/10 Not Exactly.flac
Aug 03 23:57 : update: added deadmau5/Random Album Title/08 Faxing Berlin [Piano Acoustic Ver.flac
Aug 03 23:57 : update: added deadmau5/Random Album Title/02 Complications.flac
Aug 03 23:57 : update: added deadmau5/Random Album Title/03 Slip.flac
Aug 03 23:57 : update: added deadmau5/Random Album Title/01 Sometimes Things Get, Whatever.flac
Aug 03 23:57 : update: added deadmau5/Random Album Title/07 I Remember.flac
Aug 03 23:57 : update: added deadmau5/Random Album Title/04 Some Kind Of Blue.flac
Aug 03 23:57 : player: played "The Beatles/Abbey Road/01. Come Together - The Beatles.flac"
Aug 03 23:57 : output: Failed to open mixer for 'My ALSA Device'
Aug 04 00:02 : player: played "deadmau5/Random Album Title/01 Sometimes Things Get, Whatever.flac"
